pos/1.jpg 1 52 62 35 35
pos/2.jpg 1 22 28 57 57
pos/3.jpg 1 9 44 55 55
pos/4.jpg 1 24 49 38 38
pos/5.jpg 1 32 37 52 52
pos/6.jpg 1 15 38 54 54
pos/7.jpg 1 40 11 12 12
pos/8.jpg 1 47 54 40 40
pos/9.jpg 1 13 80 14 14
pos/10.jpg 1 34 34 57 57
pos/11.jpg 1 17 31 50 50
pos/12.jpg 1 6 33 51 51
pos/13.jpg 1 55 10 35 35
pos/14.jpg 1 20 6 13 13
pos/15.jpg 1 27 41 56 56
pos/16.jpg 1 86 81 10 10
pos/17.jpg 1 45 2 22 22
pos/18.jpg 1 1 11 57 57
pos/19.jpg 1 57 47 18 18
pos/20.jpg 1 21 16 57 57
pos/21.jpg 1 32 56 28 28
pos/22.jpg 1 68 28 23 23
pos/23.jpg 1 57 56 41 41
pos/24.jpg 1 7 21 48 48
pos/25.jpg 1 39 26 37 37
pos/26.jpg 1 21 58 39 39
pos/27.jpg 1 6 13 44 44
pos/28.jpg 1 29 29 45 45
pos/29.jpg 1 35 41 44 44
pos/30.jpg 1 48 65 31 31
pos/31.jpg 1 60 22 37 37
pos/32.jpg 1 38 7 11 11
pos/33.jpg 1 20 9 49 49
pos/34.jpg 1 52 41 37 37
pos/35.jpg 1 89 25 10 10
pos/36.jpg 1 19 19 55 55
pos/37.jpg 1 2 41 37 37
pos/38.jpg 1 8 48 37 37
pos/39.jpg 1 37 7 40 40
pos/40.jpg 1 28 27 25 25
pos/41.jpg 1 21 28 52 52
pos/42.jpg 1 14 11 37 37
pos/43.jpg 1 32 3 40 40
pos/44.jpg 1 44 15 23 23
pos/45.jpg 1 53 62 23 23
pos/46.jpg 1 8 2 55 55
pos/47.jpg 1 34 89 10 10
pos/48.jpg 1 15 73 19 19
pos/49.jpg 1 50 10 47 47
pos/50.jpg 1 40 32 59 59
pos/51.jpg 1 44 23 46 46
pos/52.jpg 1 47 48 49 49
pos/53.jpg 1 33 10 40 40
pos/54.jpg 1 61 64 24 24
pos/55.jpg 1 44 45 21 21
pos/56.jpg 1 40 10 27 27
pos/57.jpg 1 29 18 47 47
pos/58.jpg 1 46 75 21 21
pos/59.jpg 1 5 43 51 51
pos/60.jpg 1 27 26 48 48
pos/61.jpg 1 66 43 25 25
pos/62.jpg 1 29 53 42 42
pos/63.jpg 1 58 17 21 21
pos/64.jpg 1 8 13 26 26
pos/65.jpg 1 78 80 18 18
pos/66.jpg 1 55 22 22 22
pos/67.jpg 1 36 13 48 48
pos/68.jpg 1 41 33 54 54
pos/69.jpg 1 23 9 56 56
pos/70.jpg 1 36 28 41 41
pos/71.jpg 1 59 48 35 35
pos/72.jpg 1 37 10 40 40
pos/73.jpg 1 26 72 15 15
pos/74.jpg 1 9 69 23 23
pos/75.jpg 1 32 80 16 16
pos/76.jpg 1 54 33 17 17
pos/77.jpg 1 54 50 22 22
pos/78.jpg 1 34 51 32 32
pos/79.jpg 1 22 55 14 14
pos/80.jpg 1 10 16 28 28
pos/81.jpg 1 37 0 45 45
pos/82.jpg 1 20 3 56 56
pos/83.jpg 1 4 20 25 25
pos/84.jpg 1 23 2 56 56
pos/85.jpg 1 70 25 11 11
pos/86.jpg 1 6 28 57 57
pos/87.jpg 1 55 76 12 12
pos/88.jpg 1 9 17 59 59
pos/89.jpg 1 33 29 18 18
pos/90.jpg 1 52 36 23 23
pos/91.jpg 1 42 38 12 12
pos/92.jpg 1 50 61 33 33
pos/93.jpg 1 21 43 25 25
pos/94.jpg 1 48 24 36 36
pos/95.jpg 1 8 26 53 53
pos/96.jpg 1 34 38 44 44
pos/97.jpg 1 1 24 32 32
pos/98.jpg 1 42 48 21 21
pos/99.jpg 1 32 4 46 46
pos/100.jpg 1 5 35 54 54
pos/101.jpg 1 47 52 26 26
pos/102.jpg 1 49 34 42 42
pos/103.jpg 1 16 30 22 22
pos/104.jpg 1 13 35 53 53
pos/105.jpg 1 49 57 41 41
pos/106.jpg 1 31 45 34 34
pos/107.jpg 1 45 54 16 16
pos/108.jpg 1 4 44 54 54
pos/109.jpg 1 75 30 20 20
pos/110.jpg 1 2 16 58 58
pos/111.jpg 1 23 60 32 32
pos/112.jpg 1 26 33 19 19
pos/113.jpg 1 72 53 11 11
pos/114.jpg 1 16 29 43 43
pos/115.jpg 1 18 68 17 17
pos/116.jpg 1 37 14 25 25
pos/117.jpg 1 29 15 55 55
pos/118.jpg 1 21 4 49 49
pos/119.jpg 1 38 14 35 35
pos/120.jpg 1 65 54 23 23
pos/121.jpg 1 0 39 30 30
pos/122.jpg 1 35 10 54 54
pos/123.jpg 1 43 16 37 37
pos/124.jpg 1 46 63 20 20
pos/125.jpg 1 42 53 39 39
pos/126.jpg 1 9 16 10 10
pos/127.jpg 1 21 2 55 55
pos/128.jpg 1 4 37 40 40
pos/129.jpg 1 19 31 59 59
pos/130.jpg 1 19 40 20 20
pos/131.jpg 1 1 35 22 22
pos/132.jpg 1 16 7 54 54
pos/133.jpg 1 0 30 40 40
pos/134.jpg 1 54 68 11 11
pos/135.jpg 1 61 40 30 30
pos/136.jpg 1 15 7 38 38
pos/137.jpg 1 54 57 22 22
pos/138.jpg 1 39 9 41 41
pos/139.jpg 1 46 40 17 17
pos/140.jpg 1 14 42 48 48
pos/141.jpg 1 36 15 32 32
pos/142.jpg 1 1 40 47 47
pos/143.jpg 1 18 29 52 52
pos/144.jpg 1 3 41 17 17
pos/145.jpg 1 19 20 23 23
pos/146.jpg 1 36 42 56 56
pos/147.jpg 1 34 0 52 52
pos/148.jpg 1 56 44 36 36
pos/149.jpg 1 52 59 30 30
pos/150.jpg 1 41 20 44 44
pos/151.jpg 1 43 22 34 34
pos/152.jpg 1 57 81 10 10
pos/153.jpg 1 39 20 37 37
pos/154.jpg 1 63 27 15 15
pos/155.jpg 1 45 16 28 28
pos/156.jpg 1 70 60 12 12
pos/157.jpg 1 34 2 56 56
pos/158.jpg 1 68 51 11 11
pos/159.jpg 1 8 42 47 47
pos/160.jpg 1 75 50 11 11
pos/161.jpg 1 35 3 28 28
pos/162.jpg 1 11 36 56 56
pos/163.jpg 1 8 34 22 22
pos/164.jpg 1 35 13 25 25
pos/165.jpg 1 15 32 38 38
pos/166.jpg 1 63 32 16 16
pos/167.jpg 1 4 6 54 54
pos/168.jpg 1 48 45 43 43
pos/169.jpg 1 29 63 13 13
pos/170.jpg 1 46 35 17 17
pos/171.jpg 1 4 22 56 56
pos/172.jpg 1 54 35 44 44
pos/173.jpg 1 10 6 14 14
pos/174.jpg 1 4 47 22 22
pos/175.jpg 1 52 65 30 30
pos/176.jpg 1 55 65 29 29
pos/177.jpg 1 44 48 41 41
pos/178.jpg 1 35 2 47 47
pos/179.jpg 1 38 18 36 36
pos/180.jpg 1 2 37 43 43
pos/181.jpg 1 8 16 53 53
pos/182.jpg 1 15 69 17 17
pos/183.jpg 1 49 59 20 20
pos/184.jpg 1 16 21 13 13
pos/185.jpg 1 84 50 11 11
pos/186.jpg 1 17 20 40 40
pos/187.jpg 1 41 47 46 46
pos/188.jpg 1 17 40 25 25
pos/189.jpg 1 1 21 57 57
pos/190.jpg 1 36 8 24 24
pos/191.jpg 1 35 37 34 34
pos/192.jpg 1 31 66 15 15
pos/193.jpg 1 58 56 33 33
pos/194.jpg 1 42 33 50 50
pos/195.jpg 1 71 16 14 14
pos/196.jpg 1 76 82 17 17
pos/197.jpg 1 20 29 58 58
pos/198.jpg 1 19 33 45 45
pos/199.jpg 1 26 28 56 56
pos/200.jpg 1 31 1 36 36
pos/201.jpg 1 53 26 13 13
pos/202.jpg 1 18 69 11 11
pos/203.jpg 1 42 48 44 44
pos/204.jpg 1 21 34 50 50
pos/205.jpg 1 53 78 15 15
pos/206.jpg 1 7 70 17 17
pos/207.jpg 1 65 10 32 32
pos/208.jpg 1 10 19 45 45
pos/209.jpg 1 27 31 40 40
pos/210.jpg 1 38 53 12 12
pos/211.jpg 1 30 12 16 16
pos/212.jpg 1 9 27 50 50
pos/213.jpg 1 4 49 50 50
pos/214.jpg 1 45 72 17 17
pos/215.jpg 1 47 62 11 11
pos/216.jpg 1 8 21 35 35
pos/217.jpg 1 5 34 43 43
pos/218.jpg 1 27 10 27 27
pos/219.jpg 1 30 37 43 43
pos/220.jpg 1 2 11 38 38
pos/221.jpg 1 1 50 35 35
pos/222.jpg 1 4 7 26 26
pos/223.jpg 1 23 38 54 54
pos/224.jpg 1 36 45 21 21
pos/225.jpg 1 17 16 34 34
pos/226.jpg 1 51 10 16 16
pos/227.jpg 1 11 24 31 31
pos/228.jpg 1 44 68 19 19
pos/229.jpg 1 38 4 59 59
pos/230.jpg 1 9 71 26 26
pos/231.jpg 1 18 0 25 25
pos/232.jpg 1 17 55 41 41
pos/233.jpg 1 27 65 11 11
pos/234.jpg 1 30 62 28 28
pos/235.jpg 1 5 3 26 26
pos/236.jpg 1 3 38 24 24
pos/237.jpg 1 11 14 35 35
pos/238.jpg 1 60 31 12 12
pos/239.jpg 1 14 22 17 17
pos/240.jpg 1 17 8 29 29
pos/241.jpg 1 12 4 46 46
pos/242.jpg 1 59 38 17 17
pos/243.jpg 1 52 48 24 24
pos/244.jpg 1 41 12 53 53
pos/245.jpg 1 35 15 47 47
pos/246.jpg 1 42 37 31 31
pos/247.jpg 1 18 39 31 31
pos/248.jpg 1 27 54 24 24
pos/249.jpg 1 85 17 11 11
pos/250.jpg 1 61 52 27 27
pos/251.jpg 1 46 8 49 49
pos/252.jpg 1 17 30 59 59
pos/253.jpg 1 46 38 21 21
pos/254.jpg 1 80 2 10 10
pos/255.jpg 1 20 67 17 17
pos/256.jpg 1 20 7 25 25
pos/257.jpg 1 47 5 20 20
pos/258.jpg 1 16 35 57 57
pos/259.jpg 1 14 25 41 41
pos/260.jpg 1 34 35 46 46
pos/261.jpg 1 34 10 26 26
pos/262.jpg 1 26 55 36 36
pos/263.jpg 1 86 77 12 12
pos/264.jpg 1 42 21 43 43
pos/265.jpg 1 4 20 44 44
pos/266.jpg 1 59 23 35 35
pos/267.jpg 1 3 28 35 35
pos/268.jpg 1 22 37 16 16
pos/269.jpg 1 32 26 38 38
pos/270.jpg 1 53 66 11 11
pos/271.jpg 1 24 17 35 35
pos/272.jpg 1 5 61 19 19
pos/273.jpg 1 37 33 30 30
pos/274.jpg 1 15 19 28 28
pos/275.jpg 1 10 30 58 58
pos/276.jpg 1 64 13 15 15
pos/277.jpg 1 0 15 46 46
pos/278.jpg 1 24 12 51 51
pos/279.jpg 1 7 27 49 49
pos/280.jpg 1 48 27 14 14
pos/281.jpg 1 22 29 55 55
pos/282.jpg 1 16 16 50 50
pos/283.jpg 1 4 27 45 45
pos/284.jpg 1 58 54 17 17
pos/285.jpg 1 84 29 11 11
pos/286.jpg 1 15 19 59 59
pos/287.jpg 1 29 14 55 55
pos/288.jpg 1 38 37 36 36
pos/289.jpg 1 35 59 21 21
pos/290.jpg 1 4 24 50 50
pos/291.jpg 1 32 11 51 51
pos/292.jpg 1 1 18 49 49
pos/293.jpg 1 16 37 53 53
pos/294.jpg 1 22 6 18 18
pos/295.jpg 1 26 6 23 23
pos/296.jpg 1 21 57 42 42
pos/297.jpg 1 0 39 49 49
pos/298.jpg 1 17 6 25 25
pos/299.jpg 1 38 47 44 44
pos/300.jpg 1 9 5 53 53
pos/301.jpg 1 2 6 57 57
pos/302.jpg 1 71 32 17 17
pos/303.jpg 1 12 27 32 32
pos/304.jpg 1 44 44 38 38
pos/305.jpg 1 39 25 53 53
pos/306.jpg 1 7 17 49 49
pos/307.jpg 1 34 15 58 58
pos/308.jpg 1 23 48 16 16
pos/309.jpg 1 44 35 50 50
pos/310.jpg 1 45 30 27 27
pos/311.jpg 1 4 44 27 27
pos/312.jpg 1 17 36 41 41
pos/313.jpg 1 28 18 35 35
pos/314.jpg 1 51 76 13 13
pos/315.jpg 1 53 53 44 44
pos/316.jpg 1 18 46 29 29
pos/317.jpg 1 28 5 38 38
pos/318.jpg 1 47 59 39 39
pos/319.jpg 1 41 34 27 27
pos/320.jpg 1 64 27 21 21
pos/321.jpg 1 3 13 43 43
pos/322.jpg 1 61 32 32 32
pos/323.jpg 1 77 51 21 21
pos/324.jpg 1 51 45 22 22
pos/325.jpg 1 59 15 28 28
pos/326.jpg 1 29 55 37 37
pos/327.jpg 1 31 20 27 27
pos/328.jpg 1 48 3 42 42
pos/329.jpg 1 0 29 34 34
pos/330.jpg 1 28 38 45 45
pos/331.jpg 1 19 14 11 11
pos/332.jpg 1 34 47 46 46
pos/333.jpg 1 3 19 32 32
pos/334.jpg 1 0 10 34 34
pos/335.jpg 1 14 9 56 56
pos/336.jpg 1 8 34 58 58
pos/337.jpg 1 56 30 10 10
pos/338.jpg 1 15 43 51 51
pos/339.jpg 1 65 5 12 12
pos/340.jpg 1 1 30 22 22
pos/341.jpg 1 28 47 50 50
pos/342.jpg 1 26 0 40 40
pos/343.jpg 1 28 39 59 59
pos/344.jpg 1 50 53 24 24
pos/345.jpg 1 18 48 40 40
pos/346.jpg 1 19 30 57 57
pos/347.jpg 1 58 10 15 15
pos/348.jpg 1 0 42 55 55
pos/349.jpg 1 44 14 31 31
pos/350.jpg 1 18 27 54 54
pos/351.jpg 1 50 62 24 24
pos/352.jpg 1 31 11 41 41
pos/353.jpg 1 15 37 58 58
pos/354.jpg 1 62 57 30 30
pos/355.jpg 1 63 17 32 32
pos/356.jpg 1 47 76 19 19
pos/357.jpg 1 27 28 53 53
pos/358.jpg 1 7 31 26 26
pos/359.jpg 1 38 3 51 51
pos/360.jpg 1 55 37 40 40
pos/361.jpg 1 61 26 34 34
pos/362.jpg 1 0 53 12 12
pos/363.jpg 1 7 28 50 50
pos/364.jpg 1 40 14 55 55
pos/365.jpg 1 5 47 11 11
pos/366.jpg 1 19 61 35 35
pos/367.jpg 1 0 10 47 47
pos/368.jpg 1 41 56 24 24
pos/369.jpg 1 11 14 56 56
pos/370.jpg 1 63 56 33 33
pos/371.jpg 1 7 35 55 55
pos/372.jpg 1 47 37 34 34
pos/373.jpg 1 67 33 23 23
pos/374.jpg 1 48 42 45 45
pos/375.jpg 1 50 13 30 30
pos/376.jpg 1 13 10 57 57
pos/377.jpg 1 75 75 16 16
pos/378.jpg 1 50 50 13 13
pos/379.jpg 1 32 41 27 27
pos/380.jpg 1 2 46 53 53
pos/381.jpg 1 52 72 27 27
pos/382.jpg 1 51 19 35 35
pos/383.jpg 1 41 20 58 58
pos/384.jpg 1 25 5 45 45
pos/385.jpg 1 5 24 57 57
pos/386.jpg 1 52 30 17 17
pos/387.jpg 1 47 19 17 17
pos/388.jpg 1 9 73 15 15
pos/389.jpg 1 38 20 41 41
pos/390.jpg 1 5 0 52 52
pos/391.jpg 1 7 36 41 41
pos/392.jpg 1 44 25 41 41
pos/393.jpg 1 30 5 21 21
pos/394.jpg 1 44 23 49 49
pos/395.jpg 1 32 64 21 21
pos/396.jpg 1 27 4 27 27
pos/397.jpg 1 14 30 56 56
pos/398.jpg 1 29 13 43 43
pos/399.jpg 1 7 43 13 13
pos/400.jpg 1 10 6 32 32
pos/401.jpg 1 47 48 43 43
pos/402.jpg 1 8 14 18 18
pos/403.jpg 1 3 5 37 37
pos/404.jpg 1 21 35 52 52
pos/405.jpg 1 23 0 50 50
pos/406.jpg 1 24 56 38 38
pos/407.jpg 1 47 4 39 39
pos/408.jpg 1 37 18 44 44
pos/409.jpg 1 23 38 13 13
pos/410.jpg 1 60 29 38 38
pos/411.jpg 1 7 27 26 26
pos/412.jpg 1 44 69 17 17
pos/413.jpg 1 38 16 23 23
pos/414.jpg 1 44 33 46 46
pos/415.jpg 1 66 33 14 14
pos/416.jpg 1 7 11 27 27
pos/417.jpg 1 33 44 51 51
pos/418.jpg 1 5 63 13 13
pos/419.jpg 1 50 9 14 14
pos/420.jpg 1 23 10 46 46
pos/421.jpg 1 32 37 51 51
pos/422.jpg 1 19 26 49 49
pos/423.jpg 1 48 13 46 46
pos/424.jpg 1 54 23 33 33
pos/425.jpg 1 12 10 47 47
pos/426.jpg 1 13 44 10 10
pos/427.jpg 1 43 9 31 31
pos/428.jpg 1 6 31 41 41
pos/429.jpg 1 47 45 37 37
pos/430.jpg 1 69 27 16 16
pos/431.jpg 1 33 12 58 58
pos/432.jpg 1 44 32 54 54
pos/433.jpg 1 30 41 35 35
pos/434.jpg 1 35 6 48 48
pos/435.jpg 1 42 65 29 29
pos/436.jpg 1 24 56 21 21
pos/437.jpg 1 39 16 52 52
pos/438.jpg 1 25 17 35 35
pos/439.jpg 1 27 48 11 11
pos/440.jpg 1 6 26 58 58
pos/441.jpg 1 18 14 59 59
pos/442.jpg 1 8 21 50 50
pos/443.jpg 1 53 58 31 31
pos/444.jpg 1 43 30 43 43
pos/445.jpg 1 4 9 12 12
pos/446.jpg 1 7 3 43 43
pos/447.jpg 1 7 27 42 42
pos/448.jpg 1 3 45 10 10
pos/449.jpg 1 23 44 42 42
pos/450.jpg 1 28 19 55 55
pos/451.jpg 1 18 23 31 31
pos/452.jpg 1 57 69 27 27
pos/453.jpg 1 18 31 26 26
pos/454.jpg 1 73 0 12 12
pos/455.jpg 1 55 12 37 37
pos/456.jpg 1 38 11 51 51
pos/457.jpg 1 22 39 45 45
pos/458.jpg 1 59 5 33 33
pos/459.jpg 1 57 23 32 32
pos/460.jpg 1 28 4 46 46
pos/461.jpg 1 36 26 55 55
pos/462.jpg 1 16 5 42 42
pos/463.jpg 1 9 10 58 58
pos/464.jpg 1 0 37 14 14
pos/465.jpg 1 55 61 13 13
pos/466.jpg 1 66 27 31 31
pos/467.jpg 1 47 68 25 25
pos/468.jpg 1 40 33 29 29
pos/469.jpg 1 35 64 21 21
pos/470.jpg 1 36 0 12 12
pos/471.jpg 1 24 52 38 38
pos/472.jpg 1 45 46 47 47
pos/473.jpg 1 30 48 18 18
pos/474.jpg 1 35 39 56 56
pos/475.jpg 1 46 70 23 23
pos/476.jpg 1 27 10 26 26
pos/477.jpg 1 51 45 21 21
pos/478.jpg 1 34 20 17 17
pos/479.jpg 1 13 41 48 48
pos/480.jpg 1 35 39 17 17
pos/481.jpg 1 46 18 51 51
pos/482.jpg 1 31 40 13 13
pos/483.jpg 1 10 40 55 55
pos/484.jpg 1 67 32 21 21
pos/485.jpg 1 15 65 29 29
pos/486.jpg 1 3 16 14 14
pos/487.jpg 1 13 68 31 31
pos/488.jpg 1 64 33 15 15
pos/489.jpg 1 44 30 54 54
pos/490.jpg 1 4 4 42 42
pos/491.jpg 1 14 30 37 37
pos/492.jpg 1 20 24 57 57
pos/493.jpg 1 62 58 18 18
pos/494.jpg 1 68 55 30 30
pos/495.jpg 1 7 29 52 52
pos/496.jpg 1 22 45 19 19
pos/497.jpg 1 60 49 33 33
pos/498.jpg 1 2 12 51 51
pos/499.jpg 1 14 15 43 43
pos/500.jpg 1 45 44 45 45
pos/501.jpg 1 77 2 22 22
pos/502.jpg 1 37 27 50 50
pos/503.jpg 1 9 32 58 58
pos/504.jpg 1 47 1 25 25
pos/505.jpg 1 37 49 46 46
pos/506.jpg 1 37 44 42 42
pos/507.jpg 1 41 34 47 47
pos/508.jpg 1 0 40 17 17
pos/509.jpg 1 54 6 42 42
pos/510.jpg 1 73 21 13 13
pos/511.jpg 1 4 14 52 52
pos/512.jpg 1 24 25 44 44
pos/513.jpg 1 41 63 27 27
pos/514.jpg 1 4 9 46 46
pos/515.jpg 1 21 9 48 48
pos/516.jpg 1 62 0 24 24
pos/517.jpg 1 12 5 58 58
pos/518.jpg 1 5 35 44 44
pos/519.jpg 1 83 27 16 16
pos/520.jpg 1 17 10 35 35
pos/521.jpg 1 59 19 21 21
pos/522.jpg 1 13 37 49 49
pos/523.jpg 1 10 35 44 44
pos/524.jpg 1 58 10 33 33
pos/525.jpg 1 34 15 58 58
pos/526.jpg 1 14 71 10 10
pos/527.jpg 1 47 69 18 18
pos/528.jpg 1 8 20 51 51
pos/529.jpg 1 37 2 32 32
pos/530.jpg 1 28 71 13 13
pos/531.jpg 1 42 0 51 51
pos/532.jpg 1 30 63 24 24
pos/533.jpg 1 0 65 24 24
pos/534.jpg 1 53 40 36 36
pos/535.jpg 1 23 4 57 57
pos/536.jpg 1 61 49 30 30
pos/537.jpg 1 40 42 29 29
pos/538.jpg 1 36 57 23 23
pos/539.jpg 1 23 18 54 54
pos/540.jpg 1 23 68 30 30
pos/541.jpg 1 61 78 17 17
pos/542.jpg 1 12 56 22 22
pos/543.jpg 1 64 55 25 25
pos/544.jpg 1 47 25 28 28
pos/545.jpg 1 13 19 54 54
pos/546.jpg 1 8 17 20 20
pos/547.jpg 1 26 0 32 32
pos/548.jpg 1 1 28 13 13
pos/549.jpg 1 18 31 16 16
pos/550.jpg 1 53 13 30 30
pos/551.jpg 1 43 18 45 45
pos/552.jpg 1 34 37 55 55
pos/553.jpg 1 50 46 45 45
pos/554.jpg 1 15 14 16 16
pos/555.jpg 1 43 6 14 14
pos/556.jpg 1 25 54 25 25
pos/557.jpg 1 25 63 24 24
pos/558.jpg 1 35 18 54 54
pos/559.jpg 1 19 68 26 26
pos/560.jpg 1 32 25 59 59
pos/561.jpg 1 19 73 25 25
pos/562.jpg 1 33 36 49 49
pos/563.jpg 1 61 50 30 30
pos/564.jpg 1 21 20 32 32
pos/565.jpg 1 25 61 17 17
pos/566.jpg 1 27 4 35 35
pos/567.jpg 1 30 28 16 16
pos/568.jpg 1 61 25 33 33
pos/569.jpg 1 20 22 53 53
pos/570.jpg 1 51 11 38 38
pos/571.jpg 1 20 7 51 51
pos/572.jpg 1 18 34 51 51
pos/573.jpg 1 36 17 30 30
pos/574.jpg 1 1 20 32 32
pos/575.jpg 1 14 60 28 28
pos/576.jpg 1 46 7 43 43
pos/577.jpg 1 54 32 36 36
pos/578.jpg 1 36 47 30 30
pos/579.jpg 1 27 24 59 59
pos/580.jpg 1 34 4 52 52
pos/581.jpg 1 75 29 16 16
pos/582.jpg 1 19 0 12 12
pos/583.jpg 1 9 0 44 44
pos/584.jpg 1 28 30 27 27
pos/585.jpg 1 40 40 42 42
pos/586.jpg 1 40 20 58 58
pos/587.jpg 1 43 56 22 22
pos/588.jpg 1 32 11 50 50
pos/589.jpg 1 47 16 32 32
pos/590.jpg 1 29 29 59 59
pos/591.jpg 1 9 72 24 24
pos/592.jpg 1 12 41 42 42
pos/593.jpg 1 19 56 15 15
pos/594.jpg 1 28 29 29 29
pos/595.jpg 1 32 14 51 51
pos/596.jpg 1 58 25 11 11
pos/597.jpg 1 10 68 19 19
pos/598.jpg 1 1 15 49 49
pos/599.jpg 1 29 3 32 32
pos/600.jpg 1 34 51 45 45
pos/601.jpg 1 33 5 35 35
pos/602.jpg 1 16 27 49 49
pos/603.jpg 1 40 32 46 46
pos/604.jpg 1 20 62 15 15
pos/605.jpg 1 15 38 57 57
pos/606.jpg 1 42 47 40 40
pos/607.jpg 1 24 68 28 28
pos/608.jpg 1 62 15 23 23
pos/609.jpg 1 2 34 16 16
pos/610.jpg 1 36 37 32 32
pos/611.jpg 1 16 37 19 19
pos/612.jpg 1 53 71 24 24
pos/613.jpg 1 38 5 35 35
pos/614.jpg 1 44 23 13 13
pos/615.jpg 1 78 82 16 16
pos/616.jpg 1 52 63 32 32
pos/617.jpg 1 8 17 24 24
pos/618.jpg 1 8 27 41 41
pos/619.jpg 1 56 11 26 26
pos/620.jpg 1 75 49 13 13
pos/621.jpg 1 37 6 19 19
pos/622.jpg 1 40 82 14 14
pos/623.jpg 1 45 24 40 40
pos/624.jpg 1 35 61 34 34
pos/625.jpg 1 45 27 15 15
pos/626.jpg 1 1 73 19 19
pos/627.jpg 1 6 22 50 50
pos/628.jpg 1 24 17 54 54
pos/629.jpg 1 52 35 27 27
pos/630.jpg 1 33 8 11 11
pos/631.jpg 1 45 21 29 29
pos/632.jpg 1 29 7 54 54
pos/633.jpg 1 35 45 46 46
pos/634.jpg 1 5 0 57 57
pos/635.jpg 1 53 49 29 29
pos/636.jpg 1 50 46 24 24
pos/637.jpg 1 14 35 56 56
pos/638.jpg 1 49 5 44 44
pos/639.jpg 1 26 71 12 12
pos/640.jpg 1 37 32 50 50
pos/641.jpg 1 30 47 51 51
pos/642.jpg 1 7 30 45 45
pos/643.jpg 1 45 42 22 22
pos/644.jpg 1 75 39 21 21
pos/645.jpg 1 46 25 48 48
pos/646.jpg 1 62 27 24 24
pos/647.jpg 1 3 14 49 49
pos/648.jpg 1 30 42 41 41
pos/649.jpg 1 64 43 12 12
pos/650.jpg 1 0 28 13 13
pos/651.jpg 1 80 78 18 18
pos/652.jpg 1 54 20 41 41
pos/653.jpg 1 48 12 22 22
pos/654.jpg 1 28 36 46 46
pos/655.jpg 1 47 35 19 19
pos/656.jpg 1 27 39 35 35
pos/657.jpg 1 51 43 13 13
pos/658.jpg 1 19 28 58 58
pos/659.jpg 1 22 71 25 25
pos/660.jpg 1 25 48 43 43
pos/661.jpg 1 21 50 49 49
pos/662.jpg 1 46 31 46 46
pos/663.jpg 1 28 29 42 42
pos/664.jpg 1 65 28 34 34
pos/665.jpg 1 15 19 48 48
pos/666.jpg 1 54 25 39 39
pos/667.jpg 1 79 28 13 13
pos/668.jpg 1 19 70 24 24
pos/669.jpg 1 42 2 56 56
pos/670.jpg 1 35 24 11 11
pos/671.jpg 1 6 14 39 39
pos/672.jpg 1 3 49 32 32
pos/673.jpg 1 50 1 14 14
pos/674.jpg 1 29 34 40 40
pos/675.jpg 1 52 24 41 41
pos/676.jpg 1 4 24 51 51
pos/677.jpg 1 20 66 15 15
pos/678.jpg 1 34 3 47 47
pos/679.jpg 1 39 44 54 54
pos/680.jpg 1 40 9 58 58
pos/681.jpg 1 32 30 33 33
pos/682.jpg 1 5 48 25 25
pos/683.jpg 1 23 23 46 46
pos/684.jpg 1 21 7 40 40
pos/685.jpg 1 12 17 34 34
pos/686.jpg 1 56 10 30 30
pos/687.jpg 1 10 15 11 11
pos/688.jpg 1 33 56 40 40
pos/689.jpg 1 38 53 10 10
pos/690.jpg 1 25 13 50 50
pos/691.jpg 1 18 59 40 40
pos/692.jpg 1 51 66 14 14
pos/693.jpg 1 11 57 35 35
pos/694.jpg 1 16 29 10 10
pos/695.jpg 1 13 9 56 56
pos/696.jpg 1 25 25 49 49
pos/697.jpg 1 16 14 57 57
pos/698.jpg 1 12 42 39 39
pos/699.jpg 1 38 18 33 33
pos/700.jpg 1 3 65 26 26
pos/701.jpg 1 78 38 18 18
pos/702.jpg 1 55 47 38 38
pos/703.jpg 1 68 68 14 14
pos/704.jpg 1 57 1 42 42
pos/705.jpg 1 55 83 10 10
pos/706.jpg 1 36 18 33 33
pos/707.jpg 1 17 15 48 48
pos/708.jpg 1 13 23 25 25
pos/709.jpg 1 34 7 18 18
pos/710.jpg 1 25 28 48 48
pos/711.jpg 1 49 70 19 19
pos/712.jpg 1 6 38 49 49
pos/713.jpg 1 17 48 46 46
pos/714.jpg 1 5 23 17 17
pos/715.jpg 1 13 41 46 46
pos/716.jpg 1 63 14 35 35
pos/717.jpg 1 6 52 29 29
pos/718.jpg 1 55 17 34 34
pos/719.jpg 1 67 37 13 13
pos/720.jpg 1 30 20 58 58
pos/721.jpg 1 66 38 16 16
pos/722.jpg 1 22 15 43 43
pos/723.jpg 1 36 23 27 27
pos/724.jpg 1 21 31 59 59
pos/725.jpg 1 5 39 20 20
pos/726.jpg 1 50 9 24 24
pos/727.jpg 1 28 8 37 37
pos/728.jpg 1 76 25 20 20
pos/729.jpg 1 48 68 29 29
pos/730.jpg 1 41 43 41 41
pos/731.jpg 1 18 16 41 41
pos/732.jpg 1 3 62 19 19
pos/733.jpg 1 51 8 36 36
pos/734.jpg 1 60 21 14 14
pos/735.jpg 1 40 63 31 31
pos/736.jpg 1 15 42 19 19
pos/737.jpg 1 7 56 13 13
pos/738.jpg 1 53 64 21 21
pos/739.jpg 1 30 2 58 58
pos/740.jpg 1 44 12 35 35
pos/741.jpg 1 22 11 50 50
pos/742.jpg 1 33 43 53 53
pos/743.jpg 1 23 9 57 57
pos/744.jpg 1 21 31 56 56
pos/745.jpg 1 5 35 45 45
pos/746.jpg 1 80 7 17 17
pos/747.jpg 1 13 12 21 21
pos/748.jpg 1 7 29 48 48
pos/749.jpg 1 43 45 16 16
pos/750.jpg 1 78 43 21 21
pos/751.jpg 1 17 28 38 38
pos/752.jpg 1 13 5 39 39
pos/753.jpg 1 43 2 46 46
pos/754.jpg 1 57 65 20 20
pos/755.jpg 1 10 48 50 50
pos/756.jpg 1 15 55 21 21
pos/757.jpg 1 9 1 25 25
pos/758.jpg 1 5 20 46 46
pos/759.jpg 1 73 8 15 15
pos/760.jpg 1 14 2 59 59
pos/761.jpg 1 8 30 30 30
pos/762.jpg 1 3 32 18 18
pos/763.jpg 1 50 30 33 33
pos/764.jpg 1 26 20 43 43
pos/765.jpg 1 51 44 19 19
pos/766.jpg 1 51 48 22 22
pos/767.jpg 1 45 33 32 32
pos/768.jpg 1 50 37 30 30
pos/769.jpg 1 28 42 38 38
pos/770.jpg 1 14 60 37 37
pos/771.jpg 1 36 18 49 49
pos/772.jpg 1 42 57 23 23
pos/773.jpg 1 10 26 48 48
pos/774.jpg 1 30 36 51 51
pos/775.jpg 1 31 17 53 53
pos/776.jpg 1 72 7 18 18
pos/777.jpg 1 14 48 32 32
pos/778.jpg 1 29 59 23 23
pos/779.jpg 1 5 17 58 58
pos/780.jpg 1 59 15 16 16
pos/781.jpg 1 31 39 18 18
pos/782.jpg 1 40 11 45 45
pos/783.jpg 1 37 22 34 34
pos/784.jpg 1 39 12 11 11
pos/785.jpg 1 3 81 13 13
pos/786.jpg 1 41 16 32 32
pos/787.jpg 1 36 32 30 30
pos/788.jpg 1 19 8 59 59
pos/789.jpg 1 65 80 11 11
pos/790.jpg 1 55 38 13 13
pos/791.jpg 1 28 1 53 53
pos/792.jpg 1 26 1 44 44
pos/793.jpg 1 1 7 50 50
pos/794.jpg 1 24 14 59 59
pos/795.jpg 1 8 50 38 38
pos/796.jpg 1 30 34 53 53
pos/797.jpg 1 67 22 12 12
pos/798.jpg 1 20 7 13 13
pos/799.jpg 1 46 47 43 43
pos/800.jpg 1 9 23 42 42
pos/801.jpg 1 9 25 29 29
pos/802.jpg 1 32 4 53 53
pos/803.jpg 1 17 18 56 56
pos/804.jpg 1 48 3 38 38
pos/805.jpg 1 35 36 16 16
pos/806.jpg 1 24 16 52 52
pos/807.jpg 1 8 43 29 29
pos/808.jpg 1 50 1 17 17
pos/809.jpg 1 9 63 18 18
pos/810.jpg 1 70 33 16 16
pos/811.jpg 1 28 23 54 54
pos/812.jpg 1 6 3 36 36
pos/813.jpg 1 21 4 46 46
pos/814.jpg 1 43 3 48 48
pos/815.jpg 1 32 8 44 44
pos/816.jpg 1 20 32 54 54
pos/817.jpg 1 48 40 37 37
pos/818.jpg 1 18 13 31 31
pos/819.jpg 1 38 6 38 38
